Using pre-set license
Built from '2020.3/staging' branch; Version is '2020.3.0f1 (c7b5465681fb) revision 13088070'; Using compiler version '192528614'; Build Type 'Release'
OS: 'Windows 10 Home Single Language; OS build 19042.1110; Version 2009; 64bit' Language: 'ru' Physical Memory: 8042 MB
BatchMode: 1, IsHumanControllingUs: 0, StartBugReporterOnCrash: 0, Is64bit: 1, IsPro: 0

 COMMAND LINE ARGUMENTS:
C:\Program Files\Unity\Hub\Editor\2020.3.0f1\Editor\Unity.exe
-adb2
-batchMode
-noUpm
-name
AssetImportWorker0
-projectPath
C:/Users/Gregory/Desktop/Unity/CourseraProject/AsteraX_UCP_C1_Challenge04_Solution
-logFile
Logs/AssetImportWorker0.log
-srvPort
59726
Successfully changed project path to: C:/Users/Gregory/Desktop/Unity/CourseraProject/AsteraX_UCP_C1_Challenge04_Solution
C:/Users/Gregory/Desktop/Unity/CourseraProject/AsteraX_UCP_C1_Challenge04_Solution
Using Asset Import Pipeline V2.
Refreshing native plugins compatible for Editor in 212.00 ms, found 0 plugins.
Preloading 0 native plugins for Editor in 0.00 ms.
Initialize engine version: 2020.3.0f1 (c7b5465681fb)
[Subsystems] Discovering subsystems at path C:/Program Files/Unity/Hub/Editor/2020.3.0f1/Editor/Data/Resources/UnitySubsystems
[Subsystems] Discovering subsystems at path C:/Users/Gregory/Desktop/Unity/CourseraProject/AsteraX_UCP_C1_Challenge04_Solution/Assets
GfxDevice: creating device client; threaded=0
Direct3D:
    Version:  Direct3D 11.0 [level 11.1]
    Renderer: NVIDIA GeForce MX150 (ID=0x1d12)
    Vendor:   
    VRAM:     1983 MB
    Driver:   25.21.14.1972
Initialize mono
Mono path[0] = 'C:/Program Files/Unity/Hub/Editor/2020.3.0f1/Editor/Data/Managed'
Mono path[1] = 'C:/Program Files/Unity/Hub/Editor/2020.3.0f1/Editor/Data/MonoBleedingEdge/lib/mono/unityjit'
Mono config path = 'C:/Program Files/Unity/Hub/Editor/2020.3.0f1/Editor/Data/MonoBleedingEdge/etc'
Using monoOptions --debugger-agent=transport=dt_socket,embedding=1,server=y,suspend=n,address=127.0.0.1:56976
Begin MonoManager ReloadAssembly
Registering precompiled unity dll's ...
Register platform support module: C:/Program Files/Unity/Hub/Editor/2020.3.0f1/Editor/Data/PlaybackEngines/WindowsStandaloneSupport/UnityEditor.WindowsStandalone.Extensions.dll
Registered in 0.006921 seconds.
Native extension for WindowsStandalone target not found
Refreshing native plugins compatible for Editor in 126.86 ms, found 0 plugins.
Preloading 0 native plugins for Editor in 0.00 ms.
Invoked RoslynAnalysisRunner static constructor.
RoslynAnalysisRunner will not be running.
RoslynAnalysisRunner has terminated.
Mono: successfully reloaded assembly
- Completed reload, in 14.284 seconds
Platform modules already initialized, skipping
Registering precompiled user dll's ...
Registered in 0.013651 seconds.
Begin MonoManager ReloadAssembly
Native extension for WindowsStandalone target not found
Refreshing native plugins compatible for Editor in 0.83 ms, found 0 plugins.
Preloading 0 native plugins for Editor in 0.00 ms.
Invoked RoslynAnalysisRunner static constructor.
RoslynAnalysisRunner will not be running.
RoslynAnalysisRunner has terminated.
Mono: successfully reloaded assembly
- Completed reload, in  3.136 seconds
Platform modules already initialized, skipping
========================================================================
Worker process is ready to serve import requests
Launched and connected shader compiler UnityShaderCompiler.exe after 0.34 seconds
Refreshing native plugins compatible for Editor in 0.84 ms, found 0 plugins.
Preloading 0 native plugins for Editor in 0.00 ms.
Unloading 1440 Unused Serialized files (Serialized files now loaded: 0)
System memory in use before: 66.4 MB.
System memory in use after: 66.4 MB.

Unloading 33 unused Assets to reduce memory usage. Loaded Objects now: 1873.
Total: 3.796800 ms (FindLiveObjects: 0.256900 ms CreateObjectMapping: 0.097700 ms MarkObjects: 3.308800 ms  DeleteObjects: 0.130400 ms)

========================================================================
Received Import Request.
  path: Assets/__Scripts/OffScreenWrapper.cs
  artifactKey: Guid(973da2538d15dc04a9fc7c4ea4033e29) Importer(815301076,1909f56bfc062723c751e8b465ee728b)
Start importing Assets/__Scripts/OffScreenWrapper.cs using Guid(973da2538d15dc04a9fc7c4ea4033e29) Importer(815301076,1909f56bfc062723c751e8b465ee728b)  -> (artifact id: '19bf2b7018fa757cddc671d74364e452') in 0.111468 seconds
  Import took 0.121302 seconds .

========================================================================
Received Prepare
Refreshing native plugins compatible for Editor in 26.40 ms, found 0 plugins.
Preloading 0 native plugins for Editor in 0.00 ms.
Unloading 22 Unused Serialized files (Serialized files now loaded: 0)
System memory in use before: 37.7 MB.
System memory in use after: 37.8 MB.

Unloading 22 unused Assets to reduce memory usage. Loaded Objects now: 1873.
Total: 4.493000 ms (FindLiveObjects: 0.320400 ms CreateObjectMapping: 0.146600 ms MarkObjects: 3.984800 ms  DeleteObjects: 0.037700 ms)

========================================================================
Received Import Request.
  Time since last request: 357.112082 seconds.
  path: Assets/__Scripts/JumpsGT.cs
  artifactKey: Guid(c90b8b16b523f4bb8a4237b7e81b0779) Importer(815301076,1909f56bfc062723c751e8b465ee728b)
Start importing Assets/__Scripts/JumpsGT.cs using Guid(c90b8b16b523f4bb8a4237b7e81b0779) Importer(815301076,1909f56bfc062723c751e8b465ee728b)  -> (artifact id: '8d1c4313d69e8b3b2aeb8adc71e59ca8') in 0.012156 seconds
  Import took 0.017868 seconds .

========================================================================
Received Import Request.
  Time since last request: 432.646477 seconds.
  path: Assets/Scriptable Object Instances/_AsteroidsSO.asset
  artifactKey: Guid(2b6cec6ca77fe4d49968b9db06f6e657) Importer(815301076,1909f56bfc062723c751e8b465ee728b)
Start importing Assets/Scriptable Object Instances/_AsteroidsSO.asset using Guid(2b6cec6ca77fe4d49968b9db06f6e657) Importer(815301076,1909f56bfc062723c751e8b465ee728b)  -> (artifact id: '93493238b76fd3ac8db7d48376f3b8ed') in 0.098161 seconds
  Import took 0.106781 seconds .

========================================================================
Received Import Request.
  Time since last request: 0.019340 seconds.
  path: Assets/Scriptable Object Instances/_AsteroidsSO.asset
  artifactKey: Guid(2b6cec6ca77fe4d49968b9db06f6e657) Importer(815301076,1909f56bfc062723c751e8b465ee728b)
Start importing Assets/Scriptable Object Instances/_AsteroidsSO.asset using Guid(2b6cec6ca77fe4d49968b9db06f6e657) Importer(815301076,1909f56bfc062723c751e8b465ee728b)  -> (artifact id: '93493238b76fd3ac8db7d48376f3b8ed') in 0.027143 seconds
  Import took 0.032227 seconds .

AssetImportWorkerClient::OnTransportError - code=2 error=End of file
